<!DOCTYPE html PUBLIC "-//W3C//DTD XHTML 1.1//EN" "http://www.w3.org/TR/xhtml11/DTD/xhtml11.dtd">
<html xmlns="http://www.w3.org/1999/xhtml">
<head>
<meta http-equiv="content-type" content="text/html; charset=UTF-8"/>
<title>TestNG Report</title>
<style type="text/css">table {margin-bottom:10px;border-collapse:collapse;empty-cells:show}th,td {border:1px solid #009;padding:.25em .5em}th {vertical-align:bottom}td {vertical-align:top}table a {font-weight:bold}.stripe td {background-color: #E6EBF9}.num {text-align:right}.passedodd td {background-color: #3F3}.passedeven td {background-color: #0A0}.skippedodd td {background-color: #DDD}.skippedeven td {background-color: #CCC}.failedodd td,.attn {background-color: #F33}.failedeven td,.stripe .attn {background-color: #D00}.stacktrace {white-space:pre;font-family:monospace}.totop {font-size:85%;text-align:center;border-bottom:2px solid #000}.invisible {display:none}</style>
</head>
<body>
<table>
<tr><th>Test</th><th># Passed</th><th># Skipped</th><th># Failed</th><th>Time (ms)</th><th>Included Groups</th><th>Excluded Groups</th></tr>
<tr><th colspan="7">BDD Test Suite</th></tr>
<tr><td><a href="#t0">TestNg Secuencial runner Tests</a></td><td class="num">2</td><td class="num">0</td><td class="num attn">1</td><td class="num">51.716</td><td></td><td></td></tr>
</table>
<table id='summary'><thead><tr><th>Class</th><th>Method</th><th>Start</th><th>Time (ms)</th></tr></thead><tbody><tr><th colspan="4">BDD Test Suite</th></tr></tbody><tbody id="t0"><tr><th colspan="4">TestNg Secuencial runner Tests &#8212; failed</th></tr><tr class="failedeven"><td rowspan="1">com.crowdar.bdd.cukes.TestNGSecuencialRunner</td><td><a href="#m0">runScenario</a></td><td rowspan="1">1614193224735</td><td rowspan="1">37529</td></tr><tr><th colspan="4">TestNg Secuencial runner Tests &#8212; passed</th></tr><tr class="passedeven"><td rowspan="2">com.crowdar.bdd.cukes.TestNGSecuencialRunner</td><td><a href="#m1">runScenario</a></td><td rowspan="2">1614193211078</td><td rowspan="2">7336</td></tr><tr class="passedeven"><td><a href="#m2">runScenario</a></td></tr></tbody>
</table>
<h2>TestNg Secuencial runner Tests</h2><h3 id="m0">com.crowdar.bdd.cukes.TestNGSecuencialRunner#runScenario</h3><table class="result"><tr class="param"><th>Parameter #1</th><th>Parameter #2</th></tr><tr class="param stripe"><td>&quot;Busqueda exitosa de palabra: Crowdar&quot;</td><td>&quot;Google search&quot;</td></tr><tr><th colspan="2">Exception</th></tr><tr><td colspan="2"><div class="stacktrace">org.openqa.selenium.TimeoutException: Expected condition failed: waiting for presence of element located by: By.cssSelector: #rso &gt; div:nth-child(3) &gt; div:nth-child(1) &gt; div.tF2Cxc &gt; div.yuRUbf &gt; a &gt; h3 &gt; span (tried for 30 second(s) with 500 milliseconds interval)
	at org.openqa.selenium.support.ui.WebDriverWait.timeoutException(WebDriverWait.java:95)
	at org.openqa.selenium.support.ui.FluentWait.until(FluentWait.java:272)
	at com.crowdar.core.pageObjects.PageBase.getWebElement(PageBase.java:105)
	at com.crowdar.core.pageObjects.PageBase.getElementText(PageBase.java:191)
	at com.consorcio.web.pages.wikipedia.GoogleHomePage.verificarResultado(GoogleHomePage.java:38)
	at com.consorcio.web.steps.GoogleSteps.elUsuarioEncuentraElResultadoEntreLaSegundaOpcion(GoogleSteps.java:30)
	at âœ½.el usuario encuentra el resultado entre la segunda opcion(file:src/test/resources/web/features/Google.feature:17)
Caused by: org.openqa.selenium.NoSuchElementException: no such element: Unable to locate element: {&quot;method&quot;:&quot;css selector&quot;,&quot;selector&quot;:&quot;#rso &gt; div:nth-child(3) &gt; div:nth-child(1) &gt; div.tF2Cxc &gt; div.yuRUbf &gt; a &gt; h3 &gt; span&quot;}
  (Session info: chrome=88.0.4324.182)
For documentation on this error, please visit: https://www.seleniumhq.org/exceptions/no_such_element.html
Build info: version: &apos;3.141.59&apos;, revision: &apos;e82be7d358&apos;, time: &apos;2018-11-14T08:17:03&apos;
System info: host: &apos;COLOSUS&apos;, ip: &apos;192.168.1.108&apos;, os.name: &apos;Windows 10&apos;, os.arch: &apos;amd64&apos;, os.version: &apos;10.0&apos;, java.version: &apos;11.0.7&apos;
Driver info: org.openqa.selenium.chrome.ChromeDriver
Capabilities {acceptInsecureCerts: false, browserName: chrome, browserVersion: 88.0.4324.182, chrome: {chromedriverVersion: 88.0.4324.96 (68dba2d8a0b14..., userDataDir: C:\Users\Dante\AppData\Loca...}, goog:chromeOptions: {debuggerAddress: localhost:49755}, javascriptEnabled: true, networkConnectionEnabled: false, pageLoadStrategy: normal, platform: WINDOWS, platformName: WINDOWS, proxy: Proxy(), setWindowRect: true, strictFileInteractability: false, timeouts: {implicit: 0, pageLoad: 300000, script: 30000}, unhandledPromptBehavior: dismiss and notify, webauthn:extension:largeBlob: true, webauthn:virtualAuthenticators: true}
Session ID: c8dc138c62d13bda901e40ef62344c0a
*** Element info: {Using=css selector, value=#rso &gt; div:nth-child(3) &gt; div:nth-child(1) &gt; div.tF2Cxc &gt; div.yuRUbf &gt; a &gt; h3 &gt; span}
	at org.openqa.selenium.remote.http.W3CHttpResponseCodec.createException(W3CHttpResponseCodec.java:187)
	at org.openqa.selenium.remote.http.W3CHttpResponseCodec.decode(W3CHttpResponseCodec.java:122)
	at org.openqa.selenium.remote.http.W3CHttpResponseCodec.decode(W3CHttpResponseCodec.java:49)
	at org.openqa.selenium.remote.HttpCommandExecutor.execute(HttpCommandExecutor.java:158)
	at org.openqa.selenium.remote.service.DriverCommandExecutor.execute(DriverCommandExecutor.java:83)
	at org.openqa.selenium.remote.RemoteWebDriver.execute(RemoteWebDriver.java:552)
	at org.openqa.selenium.remote.RemoteWebDriver.findElement(RemoteWebDriver.java:323)
	at org.openqa.selenium.remote.RemoteWebDriver.findElementByCssSelector(RemoteWebDriver.java:420)
	at org.openqa.selenium.By$ByCssSelector.findElement(By.java:431)
	at org.openqa.selenium.remote.RemoteWebDriver.findElement(RemoteWebDriver.java:315)
	at org.openqa.selenium.support.ui.ExpectedConditions$6.apply(ExpectedConditions.java:182)
	at org.openqa.selenium.support.ui.ExpectedConditions$6.apply(ExpectedConditions.java:179)
	at org.openqa.selenium.support.ui.FluentWait.until(FluentWait.java:249)
	at com.crowdar.core.pageObjects.PageBase.getWebElement(PageBase.java:105)
	at com.crowdar.core.pageObjects.PageBase.getElementText(PageBase.java:191)
	at com.consorcio.web.pages.wikipedia.GoogleHomePage.verificarResultado(GoogleHomePage.java:38)
	at com.consorcio.web.steps.GoogleSteps.elUsuarioEncuentraElResultadoEntreLaSegundaOpcion(GoogleSteps.java:30)
	at cucumber.runtime.Utils$1.call(Utils.java:26)
	at cucumber.runtime.Timeout.timeout(Timeout.java:16)
	at cucumber.runtime.Utils.invoke(Utils.java:20)
	at cucumber.runtime.java.JavaStepDefinition.execute(JavaStepDefinition.java:57)
	at cucumber.runner.PickleStepDefinitionMatch.runStep(PickleStepDefinitionMatch.java:50)
	at cucumber.runner.TestStep.executeStep(TestStep.java:65)
	at cucumber.runner.TestStep.run(TestStep.java:50)
	at cucumber.runner.PickleStepTestStep.run(PickleStepTestStep.java:43)
	at cucumber.runner.TestCase.run(TestCase.java:46)
	at cucumber.runner.Runner.runPickle(Runner.java:50)
	at io.cucumber.testng.TestNGCucumberRunner.runScenario(TestNGCucumberRunner.java:79)
	at cucumber.api.testng.TestNGCucumberRunner.runScenario(TestNGCucumberRunner.java:24)
	at cucumber.api.testng.AbstractTestNGCucumberTests.runScenario(AbstractTestNGCucumberTests.java:27)
	at java.base/java.util.concurrent.FutureTask.run$$$capture(FutureTask.java:264)
	at java.base/java.util.concurrent.FutureTask.run(FutureTask.java)
	at java.base/java.util.concurrent.ThreadPoolExecutor.runWorker(ThreadPoolExecutor.java:1128)
	at java.base/java.util.concurrent.ThreadPoolExecutor$Worker.run(ThreadPoolExecutor.java:628)
	at java.base/java.lang.Thread.run(Thread.java:834)
... Removed 23 stack frames</div></td></tr></table><p class="totop"><a href="#summary">back to summary</a></p>
<h3 id="m1">com.crowdar.bdd.cukes.TestNGSecuencialRunner#runScenario</h3><table class="result"><tr class="param"><th>Parameter #1</th><th>Parameter #2</th></tr><tr class="param stripe"><td>&quot;Busqueda exitosa&quot;</td><td>&quot;Google search&quot;</td></tr></table><p class="totop"><a href="#summary">back to summary</a></p>
<h3 id="m2">com.crowdar.bdd.cukes.TestNGSecuencialRunner#runScenario</h3><table class="result"><tr class="param"><th>Parameter #1</th><th>Parameter #2</th></tr><tr class="param stripe"><td>&quot;Busqueda exitosa de palabra: Consorcio&quot;</td><td>&quot;Google search&quot;</td></tr></table><p class="totop"><a href="#summary">back to summary</a></p>
</body>
</html>
